
FlickrpixMailer#send_daily_email: processed outbound mail in 0.2ms

FlickrpixMailer#send_daily_email: processed outbound mail in 8.1ms
  Rendered flickrpix_mailer/send_daily_email.html.erb (3.0ms)

FlickrpixMailer#send_daily_email: processed outbound mail in 52.7ms
  Rendered flickrpix_mailer/send_daily_email.html.erb (3.7ms)

FlickrpixMailer#send_daily_email: processed outbound mail in 321.0ms
  Rendered flickrpix_mailer/send_daily_email.html.erb (2.5ms)

FlickrpixMailer#send_daily_email: processed outbound mail in 309.1ms
  Rendered flickrpix_mailer/send_daily_email.html.erb (0.1ms)

FlickrpixMailer#send_daily_email: processed outbound mail in 6.9ms
  Rendered flickrpix_mailer/send_daily_email.html.erb (2.4ms)

FlickrpixMailer#send_daily_email: processed outbound mail in 313.7ms
  Rendered flickrpix_mailer/send_daily_email.html.erb (2.3ms)

FlickrpixMailer#send_daily_email: processed outbound mail in 293.1ms
  Rendered flickrpix_mailer/send_daily_email.html.erb (3.2ms)

FlickrpixMailer#send_daily_email: processed outbound mail in 291.5ms
  Rendered flickrpix_mailer/send_daily_email.html.erb (0.2ms)

FlickrpixMailer#send_daily_email: processed outbound mail in 8.5ms
  Rendered flickrpix_mailer/send_daily_email.html.erb (2.6ms)

FlickrpixMailer#send_daily_email: processed outbound mail in 481.1ms
  Rendered flickrpix_mailer/send_daily_email.html.erb (0.9ms)

FlickrpixMailer#send_daily_email: processed outbound mail in 13.7ms
  Rendered flickrpix_mailer/send_daily_email.html.erb (1.4ms)

FlickrpixMailer#send_daily_email: processed outbound mail in 44.9ms
  Rendered flickrpix_mailer/send_daily_email.html.erb (2.5ms)

FlickrpixMailer#send_daily_email: processed outbound mail in 295.1ms
  Rendered flickrpix_mailer/send_daily_email.html.erb (0.3ms)

FlickrpixMailer#send_daily_email: processed outbound mail in 12.9ms
  Rendered flickrpix_mailer/send_daily_email.html.erb (2.4ms)

FlickrpixMailer#send_daily_email: processed outbound mail in 299.8ms
  Rendered flickrpix_mailer/send_daily_email.html.erb (8.1ms)

FlickrpixMailer#send_daily_email: processed outbound mail in 29.6ms
  Rendered flickrpix_mailer/send_daily_email.html.erb (7.2ms)

FlickrpixMailer#send_daily_email: processed outbound mail in 26.9ms
  Rendered flickrpix_mailer/send_daily_email.html.erb (1.4ms)

FlickrpixMailer#send_daily_email: processed outbound mail in 8.5ms
  Rendered flickrpix_mailer/send_daily_email.html.erb (8.3ms)

FlickrpixMailer#send_daily_email: processed outbound mail in 37.4ms
  Rendered flickrpix_mailer/send_daily_email.html.erb (0.2ms)

FlickrpixMailer#send_daily_email: processed outbound mail in 6.3ms
  Rendered flickrpix_mailer/send_daily_email.html.erb (1.6ms)

FlickrpixMailer#send_daily_email: processed outbound mail in 10.1ms
  Rendered flickrpix_mailer/send_daily_email.html.erb (1.4ms)

FlickrpixMailer#send_daily_email: processed outbound mail in 8.8ms
  Rendered flickrpix_mailer/send_daily_email.html.erb (1.4ms)

FlickrpixMailer#send_daily_email: processed outbound mail in 8.6ms
  Rendered flickrpix_mailer/send_daily_email.html.erb (1.8ms)

FlickrpixMailer#send_daily_email: processed outbound mail in 8.6ms
  Rendered flickrpix_mailer/send_daily_email.html.erb (2.1ms)

FlickrpixMailer#send_daily_email: processed outbound mail in 9.4ms
  Rendered flickrpix_mailer/send_daily_email.html.erb (1.6ms)

FlickrpixMailer#send_daily_email: processed outbound mail in 9.0ms
  Rendered flickrpix_mailer/send_daily_email.html.erb (1.2ms)

FlickrpixMailer#send_daily_email: processed outbound mail in 184.2ms
  Rendered flickrpix_mailer/send_daily_email.html.erb (1.3ms)

FlickrpixMailer#send_daily_email: processed outbound mail in 8.0ms
  Rendered flickrpix_mailer/send_daily_email.html.erb (1.3ms)

FlickrpixMailer#send_daily_email: processed outbound mail in 8.4ms
  Rendered flickrpix_mailer/send_daily_email.html.erb (1.7ms)

FlickrpixMailer#send_daily_email: processed outbound mail in 144.3ms
  Rendered flickrpix_mailer/send_daily_email.html.erb (1.8ms)

FlickrpixMailer#send_daily_email: processed outbound mail in 211.3ms
  Rendered flickrpix_mailer/send_daily_email.html.erb (1.7ms)

FlickrpixMailer#send_daily_email: processed outbound mail in 176.6ms
  Rendered flickrpix_mailer/send_daily_email.html.erb (1.7ms)

FlickrpixMailer#send_daily_email: processed outbound mail in 177.5ms

HERE
  Rendered flickrpix_mailer/send_daily_email.html.erb (2.2ms)

FlickrpixMailer#send_daily_email: processed outbound mail in 180.5ms
  Rendered flickrpix_mailer/send_daily_email.html.erb (1.8ms)

FlickrpixMailer#send_daily_email: processed outbound mail in 148.6ms
  Rendered flickrpix_mailer/send_daily_email.html.erb (1.9ms)

FlickrpixMailer#send_daily_email: processed outbound mail in 151.6ms
  Rendered flickrpix_mailer/send_daily_email.html.erb (1.7ms)

FlickrpixMailer#send_daily_email: processed outbound mail in 148.7ms

FlickrpixMailer#send_daily_email: processed outbound mail in 0.4ms
  Rendered flickrpix_mailer/send_daily_email.html.erb (17.9ms)

FlickrpixMailer#send_daily_email: processed outbound mail in 11802.4ms

FlickrpixMailer#send_daily_email: processed outbound mail in 2130.5ms

FlickrpixMailer#send_daily_email: processed outbound mail in 977.6ms
  Rendered flickrpix_mailer/send_daily_email.html.erb (12.8ms)

FlickrpixMailer#send_daily_email: processed outbound mail in 4848.2ms
  Rendered flickrpix_mailer/send_daily_email.html.erb (21.2ms)

FlickrpixMailer#send_daily_email: processed outbound mail in 3335.2ms
  Rendered flickrpix_mailer/send_daily_email.html.erb (19.5ms)

FlickrpixMailer#send_daily_email: processed outbound mail in 5135.0ms
  Rendered flickrpix_mailer/send_daily_email.html.erb (57.5ms)

FlickrpixMailer#send_daily_email: processed outbound mail in 8902.6ms
  Rendered flickrpix_mailer/send_daily_email.html.erb (113.0ms)

FlickrpixMailer#send_daily_email: processed outbound mail in 5340.8ms
  Rendered flickrpix_mailer/send_daily_email.html.erb (32.6ms)

FlickrpixMailer#send_daily_email: processed outbound mail in 4599.0ms
  Rendered flickrpix_mailer/send_daily_email.html.erb (25.9ms)

FlickrpixMailer#send_daily_email: processed outbound mail in 7991.9ms
  Rendered flickrpix_mailer/send_daily_email.html.erb (2.6ms)

FlickrpixMailer#send_daily_email: processed outbound mail in 247.8ms
  Rendered flickrpix_mailer/send_daily_email.html.erb (2.2ms)

FlickrpixMailer#send_daily_email: processed outbound mail in 270.0ms
  Rendered flickrpix_mailer/send_daily_email.html.erb (2.2ms)

FlickrpixMailer#send_daily_email: processed outbound mail in 241.8ms
  Rendered flickrpix_mailer/send_daily_email.html.erb (1.8ms)

FlickrpixMailer#send_daily_email: processed outbound mail in 215.1ms
  Rendered flickrpix_mailer/send_daily_email.html.erb (2.2ms)

FlickrpixMailer#send_daily_email: processed outbound mail in 247.7ms
  Rendered flickrpix_mailer/send_daily_email.html.erb (2.4ms)

FlickrpixMailer#send_daily_email: processed outbound mail in 213.5ms
  Rendered flickrpix_mailer/send_daily_email.html.erb (2.1ms)

FlickrpixMailer#send_daily_email: processed outbound mail in 229.3ms

FlickrpixMailer#send_daily_email: processed outbound mail in 126099.2ms
  Rendered flickrpix_mailer/send_daily_email.html.erb (41.1ms)

FlickrpixMailer#send_daily_email: processed outbound mail in 4800.4ms
  Rendered flickrpix_mailer/send_daily_email.html.erb (2.3ms)

FlickrpixMailer#send_daily_email: processed outbound mail in 239.6ms


Started GET "/auth" for 127.0.0.1 at 2015-01-08 16:39:53 +0000
Processing by ApplicationController#auth as HTML
Completed 500 Internal Server Error in 450ms

NoMethodError (undefined method `gsub' for nil:NilClass):
  app/controllers/application_controller.rb:26:in `auth'


  Rendered /Users/duncan/.rvm/gems/ruby-2.0.0-p195/gems/actionpack-4.1.8/lib/action_dispatch/middleware/templates/rescues/_source.erb (1.0ms)
  Rendered /Users/duncan/.rvm/gems/ruby-2.0.0-p195/gems/actionpack-4.1.8/lib/action_dispatch/middleware/templates/rescues/_trace.html.erb (1.4ms)
  Rendered /Users/duncan/.rvm/gems/ruby-2.0.0-p195/gems/actionpack-4.1.8/lib/action_dispatch/middleware/templates/rescues/_request_and_response.html.erb (21.3ms)
  Rendered /Users/duncan/.rvm/gems/ruby-2.0.0-p195/gems/actionpack-4.1.8/lib/action_dispatch/middleware/templates/rescues/diagnostics.erb within rescues/layout (43.1ms)


Started GET "/auth" for 127.0.0.1 at 2015-01-08 16:40:44 +0000

SyntaxError (/Users/duncan/src/flickrpix/app/controllers/application_controller.rb:16: dynamic constant assignment
    API_KEY = ENV['FLICKR_API_KEY']
             ^
/Users/duncan/src/flickrpix/app/controllers/application_controller.rb:17: dynamic constant assignment
    SHARED_SECRET = ENV['FLICKR_API_SECRET']
                   ^):
  app/controllers/application_controller.rb:16: dynamic constant assignment
  app/controllers/application_controller.rb:17: dynamic constant assignment


  Rendered /Users/duncan/.rvm/gems/ruby-2.0.0-p195/gems/actionpack-4.1.8/lib/action_dispatch/middleware/templates/rescues/_source.erb (0.8ms)
  Rendered /Users/duncan/.rvm/gems/ruby-2.0.0-p195/gems/actionpack-4.1.8/lib/action_dispatch/middleware/templates/rescues/_trace.html.erb (1.2ms)
  Rendered /Users/duncan/.rvm/gems/ruby-2.0.0-p195/gems/actionpack-4.1.8/lib/action_dispatch/middleware/templates/rescues/_request_and_response.html.erb (19.0ms)
  Rendered /Users/duncan/.rvm/gems/ruby-2.0.0-p195/gems/actionpack-4.1.8/lib/action_dispatch/middleware/templates/rescues/diagnostics.erb within rescues/layout (38.8ms)


Started GET "/auth" for 127.0.0.1 at 2015-01-08 16:41:29 +0000
Processing by ApplicationController#auth as HTML
  Rendered application/auth.html.erb within layouts/application (1.7ms)
Completed 500 Internal Server Error in 682ms

ActionView::Template::Error (couldn't find file 'jquery'
  (in /Users/duncan/src/flickrpix/app/assets/javascripts/application.js:13)):
    3: <head>
    4:   <title>Flickrpix</title>
    5:   <%= stylesheet_link_tag    'application', media: 'all', 'data-turbolinks-track' => true %>
    6:   <%= javascript_include_tag 'application', 'data-turbolinks-track' => true %>
    7:   <%= csrf_meta_tags %>
    8: </head>
    9: <body>
  app/views/layouts/application.html.erb:6:in `_app_views_layouts_application_html_erb___1457510505271998451_70155357022580'


  Rendered /Users/duncan/.rvm/gems/ruby-2.0.0-p195/gems/actionpack-4.1.8/lib/action_dispatch/middleware/templates/rescues/_trace.html.erb (1.5ms)
  Rendered /Users/duncan/.rvm/gems/ruby-2.0.0-p195/gems/actionpack-4.1.8/lib/action_dispatch/middleware/templates/rescues/_request_and_response.html.erb (1.0ms)
  Rendered /Users/duncan/.rvm/gems/ruby-2.0.0-p195/gems/actionpack-4.1.8/lib/action_dispatch/middleware/templates/rescues/template_error.html.erb within rescues/layout (12.4ms)


Started GET "/auth" for 127.0.0.1 at 2015-01-08 16:42:19 +0000
Processing by ApplicationController#auth as HTML
  Rendered application/auth.html.erb within layouts/application (1.9ms)
Completed 200 OK in 751ms (Views: 38.6ms | ActiveRecord: 0.0ms)


Started GET "/assets/application.css?body=1" for 127.0.0.1 at 2015-01-08 16:42:20 +0000


Started GET "/assets/application.js?body=1" for 127.0.0.1 at 2015-01-08 16:42:20 +0000


Started GET "/auth_controller/callback?oauth_token=72157649773245779-4b0a18d2a3a3565f&oauth_verifier=ed6bd057acf1c95a" for 127.0.0.1 at 2015-01-08 16:42:29 +0000

ActionController::RoutingError (No route matches [GET] "/auth_controller/callback"):
  actionpack (4.1.8) lib/action_dispatch/middleware/debug_exceptions.rb:21:in `call'
  actionpack (4.1.8) lib/action_dispatch/middleware/show_exceptions.rb:30:in `call'
  railties (4.1.8) lib/rails/rack/logger.rb:38:in `call_app'
  railties (4.1.8) lib/rails/rack/logger.rb:20:in `block in call'
  activesupport (4.1.8) lib/active_support/tagged_logging.rb:68:in `block in tagged'
  activesupport (4.1.8) lib/active_support/tagged_logging.rb:26:in `tagged'
  activesupport (4.1.8) lib/active_support/tagged_logging.rb:68:in `tagged'
  railties (4.1.8) lib/rails/rack/logger.rb:20:in `call'
  actionpack (4.1.8) lib/action_dispatch/middleware/request_id.rb:21:in `call'
  rack (1.5.2) lib/rack/methodoverride.rb:21:in `call'
  rack (1.5.2) lib/rack/runtime.rb:17:in `call'
  activesupport (4.1.8) lib/active_support/cache/strategy/local_cache_middleware.rb:26:in `call'
  rack (1.5.2) lib/rack/lock.rb:17:in `call'
  actionpack (4.1.8) lib/action_dispatch/middleware/static.rb:84:in `call'
  rack (1.5.2) lib/rack/sendfile.rb:112:in `call'
  railties (4.1.8) lib/rails/engine.rb:514:in `call'
  railties (4.1.8) lib/rails/application.rb:144:in `call'
  rack (1.5.2) lib/rack/lock.rb:17:in `call'
  rack (1.5.2) lib/rack/content_length.rb:14:in `call'
  rack (1.5.2) lib/rack/handler/webrick.rb:60:in `service'
  /Users/duncan/.rvm/rubies/ruby-2.0.0-p195/lib/ruby/2.0.0/webrick/httpserver.rb:138:in `service'
  /Users/duncan/.rvm/rubies/ruby-2.0.0-p195/lib/ruby/2.0.0/webrick/httpserver.rb:94:in `run'
  /Users/duncan/.rvm/rubies/ruby-2.0.0-p195/lib/ruby/2.0.0/webrick/server.rb:295:in `block in start_thread'


  Rendered /Users/duncan/.rvm/gems/ruby-2.0.0-p195/gems/actionpack-4.1.8/lib/action_dispatch/middleware/templates/rescues/_trace.html.erb (1.3ms)
  Rendered /Users/duncan/.rvm/gems/ruby-2.0.0-p195/gems/actionpack-4.1.8/lib/action_dispatch/middleware/templates/routes/_route.html.erb (1.2ms)
  Rendered /Users/duncan/.rvm/gems/ruby-2.0.0-p195/gems/actionpack-4.1.8/lib/action_dispatch/middleware/templates/routes/_table.html.erb (11.2ms)
  Rendered /Users/duncan/.rvm/gems/ruby-2.0.0-p195/gems/actionpack-4.1.8/lib/action_dispatch/middleware/templates/rescues/routing_error.html.erb within rescues/layout (35.0ms)


Started GET "/auth_controller/callback?oauth_token=72157649773245779-4b0a18d2a3a3565f&oauth_verifier=ed6bd057acf1c95a" for 127.0.0.1 at 2015-01-08 16:42:42 +0000

ActionController::RoutingError (No route matches [GET] "/auth_controller/callback"):
  actionpack (4.1.8) lib/action_dispatch/middleware/debug_exceptions.rb:21:in `call'
  actionpack (4.1.8) lib/action_dispatch/middleware/show_exceptions.rb:30:in `call'
  railties (4.1.8) lib/rails/rack/logger.rb:38:in `call_app'
  railties (4.1.8) lib/rails/rack/logger.rb:20:in `block in call'
  activesupport (4.1.8) lib/active_support/tagged_logging.rb:68:in `block in tagged'
  activesupport (4.1.8) lib/active_support/tagged_logging.rb:26:in `tagged'
  activesupport (4.1.8) lib/active_support/tagged_logging.rb:68:in `tagged'
  railties (4.1.8) lib/rails/rack/logger.rb:20:in `call'
  actionpack (4.1.8) lib/action_dispatch/middleware/request_id.rb:21:in `call'
  rack (1.5.2) lib/rack/methodoverride.rb:21:in `call'
  rack (1.5.2) lib/rack/runtime.rb:17:in `call'
  activesupport (4.1.8) lib/active_support/cache/strategy/local_cache_middleware.rb:26:in `call'
  rack (1.5.2) lib/rack/lock.rb:17:in `call'
  actionpack (4.1.8) lib/action_dispatch/middleware/static.rb:84:in `call'
  rack (1.5.2) lib/rack/sendfile.rb:112:in `call'
  railties (4.1.8) lib/rails/engine.rb:514:in `call'
  railties (4.1.8) lib/rails/application.rb:144:in `call'
  rack (1.5.2) lib/rack/lock.rb:17:in `call'
  rack (1.5.2) lib/rack/content_length.rb:14:in `call'
  rack (1.5.2) lib/rack/handler/webrick.rb:60:in `service'
  /Users/duncan/.rvm/rubies/ruby-2.0.0-p195/lib/ruby/2.0.0/webrick/httpserver.rb:138:in `service'
  /Users/duncan/.rvm/rubies/ruby-2.0.0-p195/lib/ruby/2.0.0/webrick/httpserver.rb:94:in `run'
  /Users/duncan/.rvm/rubies/ruby-2.0.0-p195/lib/ruby/2.0.0/webrick/server.rb:295:in `block in start_thread'


  Rendered /Users/duncan/.rvm/gems/ruby-2.0.0-p195/gems/actionpack-4.1.8/lib/action_dispatch/middleware/templates/rescues/_trace.html.erb (1.2ms)
  Rendered /Users/duncan/.rvm/gems/ruby-2.0.0-p195/gems/actionpack-4.1.8/lib/action_dispatch/middleware/templates/routes/_route.html.erb (1.0ms)
  Rendered /Users/duncan/.rvm/gems/ruby-2.0.0-p195/gems/actionpack-4.1.8/lib/action_dispatch/middleware/templates/routes/_table.html.erb (1.3ms)
  Rendered /Users/duncan/.rvm/gems/ruby-2.0.0-p195/gems/actionpack-4.1.8/lib/action_dispatch/middleware/templates/rescues/routing_error.html.erb within rescues/layout (20.4ms)


Started GET "/auth" for 127.0.0.1 at 2015-01-08 16:42:45 +0000
Processing by ApplicationController#auth as HTML
  Rendered application/auth.html.erb within layouts/application (0.3ms)
Completed 200 OK in 245ms (Views: 12.7ms | ActiveRecord: 0.0ms)


Started GET "/assets/application.css?body=1" for 127.0.0.1 at 2015-01-08 16:42:46 +0000


Started GET "/assets/application.js?body=1" for 127.0.0.1 at 2015-01-08 16:42:46 +0000


Started GET "/auth_controller/callback?oauth_token=72157650194336435-b13ca417f3415916&oauth_verifier=940196e57d3b3629" for 127.0.0.1 at 2015-01-08 16:42:52 +0000

ActionController::RoutingError (No route matches [GET] "/auth_controller/callback"):
  actionpack (4.1.8) lib/action_dispatch/middleware/debug_exceptions.rb:21:in `call'
  actionpack (4.1.8) lib/action_dispatch/middleware/show_exceptions.rb:30:in `call'
  railties (4.1.8) lib/rails/rack/logger.rb:38:in `call_app'
  railties (4.1.8) lib/rails/rack/logger.rb:20:in `block in call'
  activesupport (4.1.8) lib/active_support/tagged_logging.rb:68:in `block in tagged'
  activesupport (4.1.8) lib/active_support/tagged_logging.rb:26:in `tagged'
  activesupport (4.1.8) lib/active_support/tagged_logging.rb:68:in `tagged'
  railties (4.1.8) lib/rails/rack/logger.rb:20:in `call'
  actionpack (4.1.8) lib/action_dispatch/middleware/request_id.rb:21:in `call'
  rack (1.5.2) lib/rack/methodoverride.rb:21:in `call'
  rack (1.5.2) lib/rack/runtime.rb:17:in `call'
  activesupport (4.1.8) lib/active_support/cache/strategy/local_cache_middleware.rb:26:in `call'
  rack (1.5.2) lib/rack/lock.rb:17:in `call'
  actionpack (4.1.8) lib/action_dispatch/middleware/static.rb:84:in `call'
  rack (1.5.2) lib/rack/sendfile.rb:112:in `call'
  railties (4.1.8) lib/rails/engine.rb:514:in `call'
  railties (4.1.8) lib/rails/application.rb:144:in `call'
  rack (1.5.2) lib/rack/lock.rb:17:in `call'
  rack (1.5.2) lib/rack/content_length.rb:14:in `call'
  rack (1.5.2) lib/rack/handler/webrick.rb:60:in `service'
  /Users/duncan/.rvm/rubies/ruby-2.0.0-p195/lib/ruby/2.0.0/webrick/httpserver.rb:138:in `service'
  /Users/duncan/.rvm/rubies/ruby-2.0.0-p195/lib/ruby/2.0.0/webrick/httpserver.rb:94:in `run'
  /Users/duncan/.rvm/rubies/ruby-2.0.0-p195/lib/ruby/2.0.0/webrick/server.rb:295:in `block in start_thread'


  Rendered /Users/duncan/.rvm/gems/ruby-2.0.0-p195/gems/actionpack-4.1.8/lib/action_dispatch/middleware/templates/rescues/_trace.html.erb (1.1ms)
  Rendered /Users/duncan/.rvm/gems/ruby-2.0.0-p195/gems/actionpack-4.1.8/lib/action_dispatch/middleware/templates/routes/_route.html.erb (1.3ms)
  Rendered /Users/duncan/.rvm/gems/ruby-2.0.0-p195/gems/actionpack-4.1.8/lib/action_dispatch/middleware/templates/routes/_table.html.erb (44.4ms)
  Rendered /Users/duncan/.rvm/gems/ruby-2.0.0-p195/gems/actionpack-4.1.8/lib/action_dispatch/middleware/templates/rescues/routing_error.html.erb within rescues/layout (60.4ms)


Started GET "/auth" for 127.0.0.1 at 2015-01-08 16:43:29 +0000
Processing by ApplicationController#auth as HTML
  Rendered application/auth.html.erb within layouts/application (1.0ms)
Completed 200 OK in 269ms (Views: 15.4ms | ActiveRecord: 0.0ms)


Started GET "/assets/application.css?body=1" for 127.0.0.1 at 2015-01-08 16:43:29 +0000


Started GET "/assets/application.js?body=1" for 127.0.0.1 at 2015-01-08 16:43:29 +0000


Started GET "/callback?oauth_token=72157649778518260-f8cd90ec5c0cadb2&oauth_verifier=60e23074a98246e1" for 127.0.0.1 at 2015-01-08 16:43:40 +0000
Processing by ApplicationController#callback as HTML
  Parameters: {"oauth_token"=>"72157649778518260-f8cd90ec5c0cadb2", "oauth_verifier"=>"60e23074a98246e1"}
Completed 500 Internal Server Error in 301ms

NoMethodError (undefined method `outs' for #<ApplicationController:0x007fa29ce9c3e8>):
  app/controllers/application_controller.rb:58:in `callback'


  Rendered /Users/duncan/.rvm/gems/ruby-2.0.0-p195/gems/actionpack-4.1.8/lib/action_dispatch/middleware/templates/rescues/_source.erb (1.0ms)
  Rendered /Users/duncan/.rvm/gems/ruby-2.0.0-p195/gems/actionpack-4.1.8/lib/action_dispatch/middleware/templates/rescues/_trace.html.erb (1.3ms)
  Rendered /Users/duncan/.rvm/gems/ruby-2.0.0-p195/gems/actionpack-4.1.8/lib/action_dispatch/middleware/templates/rescues/_request_and_response.html.erb (1.2ms)
  Rendered /Users/duncan/.rvm/gems/ruby-2.0.0-p195/gems/actionpack-4.1.8/lib/action_dispatch/middleware/templates/rescues/diagnostics.erb within rescues/layout (21.7ms)


Started GET "/auth" for 127.0.0.1 at 2015-01-08 16:43:54 +0000
Processing by ApplicationController#auth as HTML
  Rendered application/auth.html.erb within layouts/application (0.2ms)
Completed 200 OK in 243ms (Views: 11.1ms | ActiveRecord: 0.0ms)


Started GET "/assets/application.css?body=1" for 127.0.0.1 at 2015-01-08 16:43:54 +0000


Started GET "/assets/application.js?body=1" for 127.0.0.1 at 2015-01-08 16:43:54 +0000


Started GET "/callback?oauth_token=72157649778525060-7a9f00fd9a494a49&oauth_verifier=f2c36058d661babd" for 127.0.0.1 at 2015-01-08 16:43:58 +0000
Processing by ApplicationController#callback as HTML
  Parameters: {"oauth_token"=>"72157649778525060-7a9f00fd9a494a49", "oauth_verifier"=>"f2c36058d661babd"}
Completed 500 Internal Server Error in 245ms

ActionView::MissingTemplate (Missing template application/callback with {:locale=>[:en], :formats=>[:html], :variants=>[], :handlers=>[:erb, :builder, :raw, :ruby]}. Searched in:
  * "/Users/duncan/src/flickrpix/app/views"
):
  actionview (4.1.8) lib/action_view/path_set.rb:46:in `find'
  actionview (4.1.8) lib/action_view/lookup_context.rb:124:in `find'
  actionview (4.1.8) lib/action_view/renderer/abstract_renderer.rb:18:in `find_template'
  actionview (4.1.8) lib/action_view/renderer/template_renderer.rb:41:in `determine_template'
  actionview (4.1.8) lib/action_view/renderer/template_renderer.rb:8:in `render'
  actionview (4.1.8) lib/action_view/renderer/renderer.rb:42:in `render_template'
  actionview (4.1.8) lib/action_view/renderer/renderer.rb:23:in `render'
  actionview (4.1.8) lib/action_view/rendering.rb:99:in `_render_template'
  actionpack (4.1.8) lib/action_controller/metal/streaming.rb:217:in `_render_template'
  actionview (4.1.8) lib/action_view/rendering.rb:82:in `render_to_body'
  actionpack (4.1.8) lib/action_controller/metal/rendering.rb:32:in `render_to_body'
  actionpack (4.1.8) lib/action_controller/metal/renderers.rb:32:in `render_to_body'
  actionpack (4.1.8) lib/abstract_controller/rendering.rb:25:in `render'
  actionpack (4.1.8) lib/action_controller/metal/rendering.rb:16:in `render'
  actionpack (4.1.8) lib/action_controller/metal/instrumentation.rb:41:in `block (2 levels) in render'
  activesupport (4.1.8) lib/active_support/core_ext/benchmark.rb:12:in `block in ms'
  /Users/duncan/.rvm/rubies/ruby-2.0.0-p195/lib/ruby/2.0.0/benchmark.rb:296:in `realtime'
  activesupport (4.1.8) lib/active_support/core_ext/benchmark.rb:12:in `ms'
  actionpack (4.1.8) lib/action_controller/metal/instrumentation.rb:41:in `block in render'
  actionpack (4.1.8) lib/action_controller/metal/instrumentation.rb:84:in `cleanup_view_runtime'
  activerecord (4.1.8) lib/active_record/railties/controller_runtime.rb:25:in `cleanup_view_runtime'
  actionpack (4.1.8) lib/action_controller/metal/instrumentation.rb:40:in `render'
  actionpack (4.1.8) lib/action_controller/metal/implicit_render.rb:10:in `default_render'
  actionpack (4.1.8) lib/action_controller/metal/implicit_render.rb:5:in `send_action'
  actionpack (4.1.8) lib/abstract_controller/base.rb:189:in `process_action'
  actionpack (4.1.8) lib/action_controller/metal/rendering.rb:10:in `process_action'
  actionpack (4.1.8) lib/abstract_controller/callbacks.rb:20:in `block in process_action'
  activesupport (4.1.8) lib/active_support/callbacks.rb:113:in `call'
  activesupport (4.1.8) lib/active_support/callbacks.rb:113:in `call'
  activesupport (4.1.8) lib/active_support/callbacks.rb:229:in `block in halting'
  activesupport (4.1.8) lib/active_support/callbacks.rb:166:in `call'
  activesupport (4.1.8) lib/active_support/callbacks.rb:166:in `block in halting'
  activesupport (4.1.8) lib/active_support/callbacks.rb:86:in `call'
  activesupport (4.1.8) lib/active_support/callbacks.rb:86:in `run_callbacks'
  actionpack (4.1.8) lib/abstract_controller/callbacks.rb:19:in `process_action'
  actionpack (4.1.8) lib/action_controller/metal/rescue.rb:29:in `process_action'
  actionpack (4.1.8) lib/action_controller/metal/instrumentation.rb:31:in `block in process_action'
  activesupport (4.1.8) lib/active_support/notifications.rb:159:in `block in instrument'
  activesupport (4.1.8) lib/active_support/notifications/instrumenter.rb:20:in `instrument'
  activesupport (4.1.8) lib/active_support/notifications.rb:159:in `instrument'
  actionpack (4.1.8) lib/action_controller/metal/instrumentation.rb:30:in `process_action'
  actionpack (4.1.8) lib/action_controller/metal/params_wrapper.rb:250:in `process_action'
  activerecord (4.1.8) lib/active_record/railties/controller_runtime.rb:18:in `process_action'
  actionpack (4.1.8) lib/abstract_controller/base.rb:136:in `process'
  actionview (4.1.8) lib/action_view/rendering.rb:30:in `process'
  actionpack (4.1.8) lib/action_controller/metal.rb:196:in `dispatch'
  actionpack (4.1.8) lib/action_controller/metal/rack_delegation.rb:13:in `dispatch'
  actionpack (4.1.8) lib/action_controller/metal.rb:232:in `block in action'
  actionpack (4.1.8) lib/action_dispatch/routing/route_set.rb:82:in `call'
  actionpack (4.1.8) lib/action_dispatch/routing/route_set.rb:82:in `dispatch'
  actionpack (4.1.8) lib/action_dispatch/routing/route_set.rb:50:in `call'
  actionpack (4.1.8) lib/action_dispatch/journey/router.rb:73:in `block in call'
  actionpack (4.1.8) lib/action_dispatch/journey/router.rb:59:in `each'
  actionpack (4.1.8) lib/action_dispatch/journey/router.rb:59:in `call'
  actionpack (4.1.8) lib/action_dispatch/routing/route_set.rb:678:in `call'
  rack (1.5.2) lib/rack/etag.rb:23:in `call'
  rack (1.5.2) lib/rack/conditionalget.rb:25:in `call'
  rack (1.5.2) lib/rack/head.rb:11:in `call'
  actionpack (4.1.8) lib/action_dispatch/middleware/params_parser.rb:27:in `call'
  actionpack (4.1.8) lib/action_dispatch/middleware/flash.rb:254:in `call'
  rack (1.5.2) lib/rack/session/abstract/id.rb:225:in `context'
  rack (1.5.2) lib/rack/session/abstract/id.rb:220:in `call'
  actionpack (4.1.8) lib/action_dispatch/middleware/cookies.rb:560:in `call'
  activerecord (4.1.8) lib/active_record/query_cache.rb:36:in `call'
  activerecord (4.1.8) lib/active_record/connection_adapters/abstract/connection_pool.rb:621:in `call'
  activerecord (4.1.8) lib/active_record/migration.rb:380:in `call'
  actionpack (4.1.8) lib/action_dispatch/middleware/callbacks.rb:29:in `block in call'
  activesupport (4.1.8) lib/active_support/callbacks.rb:82:in `run_callbacks'
  actionpack (4.1.8) lib/action_dispatch/middleware/callbacks.rb:27:in `call'
  actionpack (4.1.8) lib/action_dispatch/middleware/reloader.rb:73:in `call'
  actionpack (4.1.8) lib/action_dispatch/middleware/remote_ip.rb:76:in `call'
  actionpack (4.1.8) lib/action_dispatch/middleware/debug_exceptions.rb:17:in `call'
  actionpack (4.1.8) lib/action_dispatch/middleware/show_exceptions.rb:30:in `call'
  railties (4.1.8) lib/rails/rack/logger.rb:38:in `call_app'
  railties (4.1.8) lib/rails/rack/logger.rb:20:in `block in call'
  activesupport (4.1.8) lib/active_support/tagged_logging.rb:68:in `block in tagged'
  activesupport (4.1.8) lib/active_support/tagged_logging.rb:26:in `tagged'
  activesupport (4.1.8) lib/active_support/tagged_logging.rb:68:in `tagged'
  railties (4.1.8) lib/rails/rack/logger.rb:20:in `call'
  actionpack (4.1.8) lib/action_dispatch/middleware/request_id.rb:21:in `call'
  rack (1.5.2) lib/rack/methodoverride.rb:21:in `call'
  rack (1.5.2) lib/rack/runtime.rb:17:in `call'
  activesupport (4.1.8) lib/active_support/cache/strategy/local_cache_middleware.rb:26:in `call'
  rack (1.5.2) lib/rack/lock.rb:17:in `call'
  actionpack (4.1.8) lib/action_dispatch/middleware/static.rb:84:in `call'
  rack (1.5.2) lib/rack/sendfile.rb:112:in `call'
  railties (4.1.8) lib/rails/engine.rb:514:in `call'
  railties (4.1.8) lib/rails/application.rb:144:in `call'
  rack (1.5.2) lib/rack/lock.rb:17:in `call'
  rack (1.5.2) lib/rack/content_length.rb:14:in `call'
  rack (1.5.2) lib/rack/handler/webrick.rb:60:in `service'
  /Users/duncan/.rvm/rubies/ruby-2.0.0-p195/lib/ruby/2.0.0/webrick/httpserver.rb:138:in `service'
  /Users/duncan/.rvm/rubies/ruby-2.0.0-p195/lib/ruby/2.0.0/webrick/httpserver.rb:94:in `run'
  /Users/duncan/.rvm/rubies/ruby-2.0.0-p195/lib/ruby/2.0.0/webrick/server.rb:295:in `block in start_thread'


  Rendered /Users/duncan/.rvm/gems/ruby-2.0.0-p195/gems/actionpack-4.1.8/lib/action_dispatch/middleware/templates/rescues/missing_template.html.erb within rescues/layout (1.1ms)


Started GET "/callback?oauth_token=72157649778525060-7a9f00fd9a494a49&oauth_verifier=f2c36058d661babd" for 127.0.0.1 at 2015-01-08 16:44:13 +0000
Processing by ApplicationController#callback as HTML
  Parameters: {"oauth_token"=>"72157649778525060-7a9f00fd9a494a49", "oauth_verifier"=>"f2c36058d661babd"}
Completed 500 Internal Server Error in 1337ms

FlickRaw::OAuthClient::FailedResponse (token_used):
  app/controllers/application_controller.rb:43:in `callback'


  Rendered /Users/duncan/.rvm/gems/ruby-2.0.0-p195/gems/actionpack-4.1.8/lib/action_dispatch/middleware/templates/rescues/_source.erb (1.0ms)
  Rendered /Users/duncan/.rvm/gems/ruby-2.0.0-p195/gems/actionpack-4.1.8/lib/action_dispatch/middleware/templates/rescues/_trace.html.erb (1.3ms)
  Rendered /Users/duncan/.rvm/gems/ruby-2.0.0-p195/gems/actionpack-4.1.8/lib/action_dispatch/middleware/templates/rescues/_request_and_response.html.erb (1.0ms)
  Rendered /Users/duncan/.rvm/gems/ruby-2.0.0-p195/gems/actionpack-4.1.8/lib/action_dispatch/middleware/templates/rescues/diagnostics.erb within rescues/layout (16.1ms)


Started GET "/auth" for 127.0.0.1 at 2015-01-08 16:44:18 +0000
Processing by ApplicationController#auth as HTML
  Rendered application/auth.html.erb within layouts/application (0.2ms)
Completed 200 OK in 272ms (Views: 12.7ms | ActiveRecord: 0.0ms)


Started GET "/assets/application.css?body=1" for 127.0.0.1 at 2015-01-08 16:44:19 +0000


Started GET "/assets/application.js?body=1" for 127.0.0.1 at 2015-01-08 16:44:19 +0000


Started GET "/callback?oauth_token=72157647864890283-7006230a2e909354&oauth_verifier=14d003785d00d135" for 127.0.0.1 at 2015-01-08 16:44:21 +0000
Processing by ApplicationController#callback as HTML
  Parameters: {"oauth_token"=>"72157647864890283-7006230a2e909354", "oauth_verifier"=>"14d003785d00d135"}
  Rendered text template (0.0ms)
Completed 200 OK in 257ms (Views: 2.2ms | ActiveRecord: 0.0ms)
  Rendered flickrpix_mailer/send_daily_email.html.erb (13.9ms)

FlickrpixMailer#send_daily_email: processed outbound mail in 2305.2ms
  Rendered flickrpix_mailer/send_daily_email.html.erb (26.7ms)

FlickrpixMailer#send_daily_email: processed outbound mail in 2466.9ms
  Rendered flickrpix_mailer/send_daily_email.html.erb (26.0ms)

FlickrpixMailer#send_daily_email: processed outbound mail in 2984.0ms
  Rendered flickrpix_mailer/send_daily_email.html.erb (29.6ms)

FlickrpixMailer#send_daily_email: processed outbound mail in 2455.6ms
  Rendered flickrpix_mailer/send_daily_email.html.erb (29.4ms)

FlickrpixMailer#send_daily_email: processed outbound mail in 4176.5ms
  Rendered flickrpix_mailer/send_daily_email.html.erb (19.8ms)

FlickrpixMailer#send_daily_email: processed outbound mail in 3923.4ms
  Rendered flickrpix_mailer/send_daily_email.html.erb (28.2ms)

FlickrpixMailer#send_daily_email: processed outbound mail in 2937.3ms
  Rendered flickrpix_mailer/send_daily_email.html.erb (29.0ms)

FlickrpixMailer#send_daily_email: processed outbound mail in 3591.2ms
  Rendered flickrpix_mailer/send_daily_email.html.erb (26.0ms)

FlickrpixMailer#send_daily_email: processed outbound mail in 2120.3ms
  Rendered flickrpix_mailer/send_daily_email.html.erb (32.2ms)

FlickrpixMailer#send_daily_email: processed outbound mail in 2582.1ms
  Rendered flickrpix_mailer/send_daily_email.html.erb (29.2ms)

FlickrpixMailer#send_daily_email: processed outbound mail in 2594.6ms
  Rendered flickrpix_mailer/send_daily_email.html.erb (19.0ms)

FlickrpixMailer#send_daily_email: processed outbound mail in 2095.8ms
  Rendered flickrpix_mailer/send_daily_email.html.erb (31.9ms)

FlickrpixMailer#send_daily_email: processed outbound mail in 2604.4ms
  Rendered flickrpix_mailer/send_daily_email.html.erb (6.2ms)

FlickrpixMailer#send_daily_email: processed outbound mail in 565.0ms
  Rendered flickrpix_mailer/send_daily_email.html.erb (6.2ms)

FlickrpixMailer#send_daily_email: processed outbound mail in 500.6ms
  Rendered flickrpix_mailer/send_daily_email.html.erb (26.0ms)

FlickrpixMailer#send_daily_email: processed outbound mail in 2388.3ms
  Rendered flickrpix_mailer/send_daily_email.html.erb (7.2ms)

FlickrpixMailer#send_daily_email: processed outbound mail in 1122.3ms
  Rendered flickrpix_mailer/send_daily_email.html.erb (6.0ms)

FlickrpixMailer#send_daily_email: processed outbound mail in 586.4ms
  Rendered flickrpix_mailer/send_daily_email.html.erb (28.1ms)

FlickrpixMailer#send_daily_email: processed outbound mail in 2114.5ms
  Rendered flickrpix_mailer/send_daily_email.html.erb (24.3ms)

FlickrpixMailer#send_daily_email: processed outbound mail in 1506.9ms
  Rendered flickrpix_mailer/send_daily_email.html.erb (27.7ms)

FlickrpixMailer#send_daily_email: processed outbound mail in 2460.1ms
  Rendered flickrpix_mailer/send_daily_email.html.erb (27.8ms)

FlickrpixMailer#send_daily_email: processed outbound mail in 1914.4ms
  Rendered flickrpix_mailer/send_daily_email.html.erb (7.3ms)

FlickrpixMailer#send_daily_email: processed outbound mail in 635.1ms
  Rendered flickrpix_mailer/send_daily_email.html.erb (21.8ms)

FlickrpixMailer#send_daily_email: processed outbound mail in 2594.9ms
  Rendered flickrpix_mailer/send_daily_email.html.erb (28.7ms)

FlickrpixMailer#send_daily_email: processed outbound mail in 1952.2ms
  Rendered flickrpix_mailer/send_daily_email.html.erb (60.7ms)

FlickrpixMailer#send_daily_email: processed outbound mail in 2275.1ms
  Rendered flickrpix_mailer/send_daily_email.html.erb (26.9ms)

FlickrpixMailer#send_daily_email: processed outbound mail in 2685.6ms
  Rendered flickrpix_mailer/send_daily_email.html.erb (25.3ms)

FlickrpixMailer#send_daily_email: processed outbound mail in 2305.6ms
  Rendered flickrpix_mailer/send_daily_email.html.erb (28.9ms)

FlickrpixMailer#send_daily_email: processed outbound mail in 2259.6ms
  Rendered flickrpix_mailer/send_daily_email.html.erb (27.3ms)

FlickrpixMailer#send_daily_email: processed outbound mail in 2362.7ms
  Rendered flickrpix_mailer/send_daily_email.html.erb (24.7ms)

FlickrpixMailer#send_daily_email: processed outbound mail in 3595.1ms
  Rendered flickrpix_mailer/send_daily_email.html.erb (33.2ms)

FlickrpixMailer#send_daily_email: processed outbound mail in 2600.3ms
  Rendered flickrpix_mailer/send_daily_email.html.erb (54.3ms)

FlickrpixMailer#send_daily_email: processed outbound mail in 3751.4ms
  Rendered flickrpix_mailer/send_daily_email.html.erb (27.0ms)

FlickrpixMailer#send_daily_email: processed outbound mail in 2235.6ms
  Rendered flickrpix_mailer/send_daily_email.html.erb (20.9ms)

FlickrpixMailer#send_daily_email: processed outbound mail in 1779.0ms
  Rendered flickrpix_mailer/send_daily_email.html.erb (21.5ms)

FlickrpixMailer#send_daily_email: processed outbound mail in 2645.3ms
  Rendered flickrpix_mailer/send_daily_email.html.erb (19.7ms)

FlickrpixMailer#send_daily_email: processed outbound mail in 2330.5ms
  Rendered flickrpix_mailer/send_daily_email.html.erb (6.6ms)

FlickrpixMailer#send_daily_email: processed outbound mail in 730.7ms
  Rendered flickrpix_mailer/send_daily_email.html.erb (9.7ms)

FlickrpixMailer#send_daily_email: processed outbound mail in 1112.5ms
  Rendered flickrpix_mailer/send_daily_email.html.erb (25.5ms)

FlickrpixMailer#send_daily_email: processed outbound mail in 2467.3ms
  Rendered flickrpix_mailer/send_daily_email.html.erb (6.4ms)

FlickrpixMailer#send_daily_email: processed outbound mail in 633.1ms
  Rendered flickrpix_mailer/send_daily_email.html.erb (6.6ms)

FlickrpixMailer#send_daily_email: processed outbound mail in 578.8ms
  Rendered flickrpix_mailer/send_daily_email.html.erb (25.4ms)

FlickrpixMailer#send_daily_email: processed outbound mail in 2037.6ms
  Rendered flickrpix_mailer/send_daily_email.html.erb (26.9ms)

FlickrpixMailer#send_daily_email: processed outbound mail in 2775.7ms
  Rendered flickrpix_mailer/send_daily_email.html.erb (25.3ms)

FlickrpixMailer#send_daily_email: processed outbound mail in 2753.1ms
  Rendered flickrpix_mailer/send_daily_email.html.erb (24.0ms)

FlickrpixMailer#send_daily_email: processed outbound mail in 1686.4ms
  Rendered flickrpix_mailer/send_daily_email.html.erb (10.9ms)

FlickrpixMailer#send_daily_email: processed outbound mail in 957.4ms
  Rendered flickrpix_mailer/send_daily_email.html.erb (15.7ms)

FlickrpixMailer#send_daily_email: processed outbound mail in 1306.9ms
  Rendered flickrpix_mailer/send_daily_email.html.erb (27.5ms)

FlickrpixMailer#send_daily_email: processed outbound mail in 2747.0ms
  Rendered flickrpix_mailer/send_daily_email.html.erb (25.4ms)

FlickrpixMailer#send_daily_email: processed outbound mail in 2403.3ms
  Rendered flickrpix_mailer/send_daily_email.html.erb (9.6ms)

FlickrpixMailer#send_daily_email: processed outbound mail in 2483.6ms
  Rendered flickrpix_mailer/send_daily_email.html.erb (25.5ms)

FlickrpixMailer#send_daily_email: processed outbound mail in 2785.0ms
  Rendered flickrpix_mailer/send_daily_email.html.erb (18.9ms)

FlickrpixMailer#send_daily_email: processed outbound mail in 1071.2ms
  Rendered flickrpix_mailer/send_daily_email.html.erb (25.2ms)

FlickrpixMailer#send_daily_email: processed outbound mail in 2707.0ms
  Rendered flickrpix_mailer/send_daily_email.html.erb (23.9ms)

FlickrpixMailer#send_daily_email: processed outbound mail in 3094.3ms
  Rendered flickrpix_mailer/send_daily_email.html.erb (11.6ms)

FlickrpixMailer#send_daily_email: processed outbound mail in 1215.3ms
  Rendered flickrpix_mailer/send_daily_email.html.erb (8.7ms)

FlickrpixMailer#send_daily_email: processed outbound mail in 603.4ms
  Rendered flickrpix_mailer/send_daily_email.html.erb (55.2ms)

FlickrpixMailer#send_daily_email: processed outbound mail in 1809.3ms
  Rendered flickrpix_mailer/send_daily_email.html.erb (26.2ms)

FlickrpixMailer#send_daily_email: processed outbound mail in 3463.1ms
  Rendered flickrpix_mailer/send_daily_email.html.erb (24.6ms)

FlickrpixMailer#send_daily_email: processed outbound mail in 3317.4ms
  Rendered flickrpix_mailer/send_daily_email.html.erb (26.5ms)

FlickrpixMailer#send_daily_email: processed outbound mail in 2572.6ms
  Rendered flickrpix_mailer/send_daily_email.html.erb (66.5ms)

FlickrpixMailer#send_daily_email: processed outbound mail in 3357.4ms
  Rendered flickrpix_mailer/send_daily_email.html.erb (9.6ms)

FlickrpixMailer#send_daily_email: processed outbound mail in 962.3ms
  Rendered flickrpix_mailer/send_daily_email.html.erb (25.3ms)

FlickrpixMailer#send_daily_email: processed outbound mail in 2369.9ms
  Rendered flickrpix_mailer/send_daily_email.html.erb (28.4ms)

FlickrpixMailer#send_daily_email: processed outbound mail in 2338.9ms
  Rendered flickrpix_mailer/send_daily_email.html.erb (25.1ms)

FlickrpixMailer#send_daily_email: processed outbound mail in 2585.0ms
  Rendered flickrpix_mailer/send_daily_email.html.erb (25.6ms)

FlickrpixMailer#send_daily_email: processed outbound mail in 2298.2ms
  Rendered flickrpix_mailer/send_daily_email.html.erb (6.4ms)

FlickrpixMailer#send_daily_email: processed outbound mail in 792.7ms
  Rendered flickrpix_mailer/send_daily_email.html.erb (25.5ms)

FlickrpixMailer#send_daily_email: processed outbound mail in 1998.4ms
  Rendered flickrpix_mailer/send_daily_email.html.erb (25.7ms)

FlickrpixMailer#send_daily_email: processed outbound mail in 2098.6ms
  Rendered flickrpix_mailer/send_daily_email.html.erb (26.7ms)

FlickrpixMailer#send_daily_email: processed outbound mail in 2112.1ms
  Rendered flickrpix_mailer/send_daily_email.html.erb (26.4ms)

FlickrpixMailer#send_daily_email: processed outbound mail in 2152.3ms
  Rendered flickrpix_mailer/send_daily_email.html.erb (25.2ms)

FlickrpixMailer#send_daily_email: processed outbound mail in 2566.7ms
  Rendered flickrpix_mailer/send_daily_email.html.erb (25.0ms)

FlickrpixMailer#send_daily_email: processed outbound mail in 2351.1ms
  Rendered flickrpix_mailer/send_daily_email.html.erb (26.3ms)

FlickrpixMailer#send_daily_email: processed outbound mail in 2300.5ms
  Rendered flickrpix_mailer/send_daily_email.html.erb (26.5ms)

FlickrpixMailer#send_daily_email: processed outbound mail in 2421.9ms
  Rendered flickrpix_mailer/send_daily_email.html.erb (58.2ms)

FlickrpixMailer#send_daily_email: processed outbound mail in 2329.9ms
  Rendered flickrpix_mailer/send_daily_email.html.erb (6.4ms)

FlickrpixMailer#send_daily_email: processed outbound mail in 639.0ms
  Rendered flickrpix_mailer/send_daily_email.html.erb (25.7ms)

FlickrpixMailer#send_daily_email: processed outbound mail in 2139.0ms
  Rendered flickrpix_mailer/send_daily_email.html.erb (18.3ms)

FlickrpixMailer#send_daily_email: processed outbound mail in 1516.5ms
  Rendered flickrpix_mailer/send_daily_email.html.erb (25.6ms)

FlickrpixMailer#send_daily_email: processed outbound mail in 2219.4ms
  Rendered flickrpix_mailer/send_daily_email.html.erb (6.0ms)

FlickrpixMailer#send_daily_email: processed outbound mail in 600.7ms
  Rendered flickrpix_mailer/send_daily_email.html.erb (6.1ms)

FlickrpixMailer#send_daily_email: processed outbound mail in 461.4ms
  Rendered flickrpix_mailer/send_daily_email.html.erb (25.2ms)

FlickrpixMailer#send_daily_email: processed outbound mail in 4761.2ms
  Rendered flickrpix_mailer/send_daily_email.html.erb (6.4ms)

FlickrpixMailer#send_daily_email: processed outbound mail in 575.9ms
  Rendered flickrpix_mailer/send_daily_email.html.erb (62.9ms)

FlickrpixMailer#send_daily_email: processed outbound mail in 3205.2ms
  Rendered flickrpix_mailer/send_daily_email.html.erb (25.3ms)

FlickrpixMailer#send_daily_email: processed outbound mail in 2802.0ms
  Rendered flickrpix_mailer/send_daily_email.html.erb (25.4ms)

FlickrpixMailer#send_daily_email: processed outbound mail in 3055.4ms
  Rendered flickrpix_mailer/send_daily_email.html.erb (26.0ms)

FlickrpixMailer#send_daily_email: processed outbound mail in 2533.1ms
  Rendered flickrpix_mailer/send_daily_email.html.erb (26.9ms)

FlickrpixMailer#send_daily_email: processed outbound mail in 2851.0ms
  Rendered flickrpix_mailer/send_daily_email.html.erb (53.5ms)

FlickrpixMailer#send_daily_email: processed outbound mail in 2034.5ms
  Rendered flickrpix_mailer/send_daily_email.html.erb (57.5ms)

FlickrpixMailer#send_daily_email: processed outbound mail in 1933.2ms
  Rendered flickrpix_mailer/send_daily_email.html.erb (13.8ms)

FlickrpixMailer#send_daily_email: processed outbound mail in 2355.7ms
  Rendered flickrpix_mailer/send_daily_email.html.erb (6.4ms)

FlickrpixMailer#send_daily_email: processed outbound mail in 667.0ms
  Rendered flickrpix_mailer/send_daily_email.html.erb (25.2ms)

FlickrpixMailer#send_daily_email: processed outbound mail in 2131.4ms
  Rendered flickrpix_mailer/send_daily_email.html.erb (25.0ms)

FlickrpixMailer#send_daily_email: processed outbound mail in 2100.4ms
  Rendered flickrpix_mailer/send_daily_email.html.erb (14.0ms)

FlickrpixMailer#send_daily_email: processed outbound mail in 985.8ms
  Rendered flickrpix_mailer/send_daily_email.html.erb (24.3ms)

FlickrpixMailer#send_daily_email: processed outbound mail in 2716.3ms
  Rendered flickrpix_mailer/send_daily_email.html.erb (15.0ms)

FlickrpixMailer#send_daily_email: processed outbound mail in 1248.6ms
  Rendered flickrpix_mailer/send_daily_email.html.erb (6.2ms)

FlickrpixMailer#send_daily_email: processed outbound mail in 570.3ms
  Rendered flickrpix_mailer/send_daily_email.html.erb (20.7ms)

FlickrpixMailer#send_daily_email: processed outbound mail in 1759.3ms
  Rendered flickrpix_mailer/send_daily_email.html.erb (24.0ms)

FlickrpixMailer#send_daily_email: processed outbound mail in 2217.9ms
  Rendered flickrpix_mailer/send_daily_email.html.erb (62.4ms)

FlickrpixMailer#send_daily_email: processed outbound mail in 3363.2ms
  Rendered flickrpix_mailer/send_daily_email.html.erb (25.2ms)

FlickrpixMailer#send_daily_email: processed outbound mail in 2829.3ms
  Rendered flickrpix_mailer/send_daily_email.html.erb (25.1ms)

FlickrpixMailer#send_daily_email: processed outbound mail in 1921.4ms
  Rendered flickrpix_mailer/send_daily_email.html.erb (8.1ms)

FlickrpixMailer#send_daily_email: processed outbound mail in 640.2ms
  Rendered flickrpix_mailer/send_daily_email.html.erb (19.7ms)

FlickrpixMailer#send_daily_email: processed outbound mail in 1951.3ms
  Rendered flickrpix_mailer/send_daily_email.html.erb (6.0ms)

FlickrpixMailer#send_daily_email: processed outbound mail in 538.3ms
  Rendered flickrpix_mailer/send_daily_email.html.erb (14.2ms)

FlickrpixMailer#send_daily_email: processed outbound mail in 1565.8ms
  Rendered flickrpix_mailer/send_daily_email.html.erb (18.9ms)

FlickrpixMailer#send_daily_email: processed outbound mail in 1606.5ms
  Rendered flickrpix_mailer/send_daily_email.html.erb (13.9ms)

FlickrpixMailer#send_daily_email: processed outbound mail in 1718.2ms
  Rendered flickrpix_mailer/send_daily_email.html.erb (25.1ms)

FlickrpixMailer#send_daily_email: processed outbound mail in 2253.0ms
  Rendered flickrpix_mailer/send_daily_email.html.erb (10.9ms)

FlickrpixMailer#send_daily_email: processed outbound mail in 978.5ms
  Rendered flickrpix_mailer/send_daily_email.html.erb (9.9ms)

FlickrpixMailer#send_daily_email: processed outbound mail in 1006.2ms
  Rendered flickrpix_mailer/send_daily_email.html.erb (9.6ms)

FlickrpixMailer#send_daily_email: processed outbound mail in 2255.8ms
  Rendered flickrpix_mailer/send_daily_email.html.erb (27.5ms)

FlickrpixMailer#send_daily_email: processed outbound mail in 2049.5ms
  Rendered flickrpix_mailer/send_daily_email.html.erb (26.9ms)

FlickrpixMailer#send_daily_email: processed outbound mail in 1840.0ms
  Rendered flickrpix_mailer/send_daily_email.html.erb (6.1ms)

FlickrpixMailer#send_daily_email: processed outbound mail in 583.4ms
  Rendered flickrpix_mailer/send_daily_email.html.erb (6.4ms)

FlickrpixMailer#send_daily_email: processed outbound mail in 639.2ms
  Rendered flickrpix_mailer/send_daily_email.html.erb (25.2ms)

FlickrpixMailer#send_daily_email: processed outbound mail in 2884.5ms
  Rendered flickrpix_mailer/send_daily_email.html.erb (32.9ms)

FlickrpixMailer#send_daily_email: processed outbound mail in 2584.9ms
  Rendered flickrpix_mailer/send_daily_email.html.erb (20.0ms)

FlickrpixMailer#send_daily_email: processed outbound mail in 1733.2ms
  Rendered flickrpix_mailer/send_daily_email.html.erb (9.6ms)

FlickrpixMailer#send_daily_email: processed outbound mail in 1045.7ms
  Rendered flickrpix_mailer/send_daily_email.html.erb (25.0ms)

FlickrpixMailer#send_daily_email: processed outbound mail in 2349.2ms
  Rendered flickrpix_mailer/send_daily_email.html.erb (13.7ms)

FlickrpixMailer#send_daily_email: processed outbound mail in 1427.4ms
  Rendered flickrpix_mailer/send_daily_email.html.erb (9.5ms)

FlickrpixMailer#send_daily_email: processed outbound mail in 1041.2ms
  Rendered flickrpix_mailer/send_daily_email.html.erb (9.7ms)

FlickrpixMailer#send_daily_email: processed outbound mail in 990.2ms
  Rendered flickrpix_mailer/send_daily_email.html.erb (9.6ms)

FlickrpixMailer#send_daily_email: processed outbound mail in 961.4ms
  Rendered flickrpix_mailer/send_daily_email.html.erb (26.9ms)

FlickrpixMailer#send_daily_email: processed outbound mail in 3983.4ms
  Rendered flickrpix_mailer/send_daily_email.html.erb (30.1ms)

FlickrpixMailer#send_daily_email: processed outbound mail in 1899.2ms
  Rendered flickrpix_mailer/send_daily_email.html.erb (28.4ms)

FlickrpixMailer#send_daily_email: processed outbound mail in 3475.8ms
  Rendered flickrpix_mailer/send_daily_email.html.erb (30.1ms)

FlickrpixMailer#send_daily_email: processed outbound mail in 2533.5ms
  Rendered flickrpix_mailer/send_daily_email.html.erb (25.9ms)

FlickrpixMailer#send_daily_email: processed outbound mail in 2566.7ms
  Rendered flickrpix_mailer/send_daily_email.html.erb (13.9ms)

FlickrpixMailer#send_daily_email: processed outbound mail in 919.1ms
  Rendered flickrpix_mailer/send_daily_email.html.erb (25.6ms)

FlickrpixMailer#send_daily_email: processed outbound mail in 2428.7ms
  Rendered flickrpix_mailer/send_daily_email.html.erb (6.3ms)

FlickrpixMailer#send_daily_email: processed outbound mail in 2844.7ms
  Rendered flickrpix_mailer/send_daily_email.html.erb (11.8ms)

FlickrpixMailer#send_daily_email: processed outbound mail in 2728.4ms
  Rendered flickrpix_mailer/send_daily_email.html.erb (9.4ms)

FlickrpixMailer#send_daily_email: processed outbound mail in 913.4ms
  Rendered flickrpix_mailer/send_daily_email.html.erb (26.6ms)

FlickrpixMailer#send_daily_email: processed outbound mail in 2280.7ms
  Rendered flickrpix_mailer/send_daily_email.html.erb (6.8ms)

FlickrpixMailer#send_daily_email: processed outbound mail in 663.9ms
  Rendered flickrpix_mailer/send_daily_email.html.erb (25.4ms)

FlickrpixMailer#send_daily_email: processed outbound mail in 2002.2ms
  Rendered flickrpix_mailer/send_daily_email.html.erb (10.5ms)

FlickrpixMailer#send_daily_email: processed outbound mail in 1198.0ms
  Rendered flickrpix_mailer/send_daily_email.html.erb (6.1ms)

FlickrpixMailer#send_daily_email: processed outbound mail in 635.9ms
  Rendered flickrpix_mailer/send_daily_email.html.erb (8.9ms)

FlickrpixMailer#send_daily_email: processed outbound mail in 1922.0ms
  Rendered flickrpix_mailer/send_daily_email.html.erb (13.7ms)

FlickrpixMailer#send_daily_email: processed outbound mail in 1983.0ms
  Rendered flickrpix_mailer/send_daily_email.html.erb (7.0ms)

FlickrpixMailer#send_daily_email: processed outbound mail in 537.1ms
  Rendered flickrpix_mailer/send_daily_email.html.erb (25.7ms)

FlickrpixMailer#send_daily_email: processed outbound mail in 2392.7ms
  Rendered flickrpix_mailer/send_daily_email.html.erb (25.7ms)

FlickrpixMailer#send_daily_email: processed outbound mail in 2290.9ms
  Rendered flickrpix_mailer/send_daily_email.html.erb (20.4ms)

FlickrpixMailer#send_daily_email: processed outbound mail in 924.1ms
  Rendered flickrpix_mailer/send_daily_email.html.erb (55.8ms)

FlickrpixMailer#send_daily_email: processed outbound mail in 1907.0ms
  Rendered flickrpix_mailer/send_daily_email.html.erb (6.0ms)

FlickrpixMailer#send_daily_email: processed outbound mail in 511.7ms
  Rendered flickrpix_mailer/send_daily_email.html.erb (19.6ms)

FlickrpixMailer#send_daily_email: processed outbound mail in 2021.1ms
  Rendered flickrpix_mailer/send_daily_email.html.erb (26.3ms)

FlickrpixMailer#send_daily_email: processed outbound mail in 2107.4ms
  Rendered flickrpix_mailer/send_daily_email.html.erb (6.5ms)

FlickrpixMailer#send_daily_email: processed outbound mail in 557.9ms
  Rendered flickrpix_mailer/send_daily_email.html.erb (26.1ms)

FlickrpixMailer#send_daily_email: processed outbound mail in 2031.3ms
  Rendered flickrpix_mailer/send_daily_email.html.erb (20.6ms)

FlickrpixMailer#send_daily_email: processed outbound mail in 1800.6ms
  Rendered flickrpix_mailer/send_daily_email.html.erb (29.9ms)

FlickrpixMailer#send_daily_email: processed outbound mail in 2251.9ms
  Rendered flickrpix_mailer/send_daily_email.html.erb (6.8ms)

FlickrpixMailer#send_daily_email: processed outbound mail in 619.3ms
  Rendered flickrpix_mailer/send_daily_email.html.erb (13.8ms)

FlickrpixMailer#send_daily_email: processed outbound mail in 1508.3ms
  Rendered flickrpix_mailer/send_daily_email.html.erb (24.0ms)

FlickrpixMailer#send_daily_email: processed outbound mail in 2115.2ms
  Rendered flickrpix_mailer/send_daily_email.html.erb (6.4ms)

FlickrpixMailer#send_daily_email: processed outbound mail in 728.3ms
  Rendered flickrpix_mailer/send_daily_email.html.erb (13.7ms)

FlickrpixMailer#send_daily_email: processed outbound mail in 1356.4ms
  Rendered flickrpix_mailer/send_daily_email.html.erb (28.0ms)

FlickrpixMailer#send_daily_email: processed outbound mail in 2051.8ms
  Rendered flickrpix_mailer/send_daily_email.html.erb (80.8ms)

FlickrpixMailer#send_daily_email: processed outbound mail in 2125.7ms
  Rendered flickrpix_mailer/send_daily_email.html.erb (30.5ms)

FlickrpixMailer#send_daily_email: processed outbound mail in 2101.7ms
  Rendered flickrpix_mailer/send_daily_email.html.erb (9.1ms)

FlickrpixMailer#send_daily_email: processed outbound mail in 1005.8ms
  Rendered flickrpix_mailer/send_daily_email.html.erb (6.5ms)

FlickrpixMailer#send_daily_email: processed outbound mail in 1316.8ms
  Rendered flickrpix_mailer/send_daily_email.html.erb (28.6ms)

FlickrpixMailer#send_daily_email: processed outbound mail in 2158.2ms
  Rendered flickrpix_mailer/send_daily_email.html.erb (25.9ms)

FlickrpixMailer#send_daily_email: processed outbound mail in 2440.7ms
  Rendered flickrpix_mailer/send_daily_email.html.erb (6.9ms)

FlickrpixMailer#send_daily_email: processed outbound mail in 637.9ms
  Rendered flickrpix_mailer/send_daily_email.html.erb (30.4ms)

FlickrpixMailer#send_daily_email: processed outbound mail in 2802.3ms
  Rendered flickrpix_mailer/send_daily_email.html.erb (6.2ms)

FlickrpixMailer#send_daily_email: processed outbound mail in 552.0ms
  Rendered flickrpix_mailer/send_daily_email.html.erb (9.4ms)

FlickrpixMailer#send_daily_email: processed outbound mail in 1144.3ms
  Rendered flickrpix_mailer/send_daily_email.html.erb (26.6ms)

FlickrpixMailer#send_daily_email: processed outbound mail in 2974.5ms
  Rendered flickrpix_mailer/send_daily_email.html.erb (28.3ms)

FlickrpixMailer#send_daily_email: processed outbound mail in 1871.9ms
  Rendered flickrpix_mailer/send_daily_email.html.erb (6.5ms)

FlickrpixMailer#send_daily_email: processed outbound mail in 634.9ms
  Rendered flickrpix_mailer/send_daily_email.html.erb (11.7ms)

FlickrpixMailer#send_daily_email: processed outbound mail in 1126.7ms
  Rendered flickrpix_mailer/send_daily_email.html.erb (6.3ms)

FlickrpixMailer#send_daily_email: processed outbound mail in 645.0ms
  Rendered flickrpix_mailer/send_daily_email.html.erb (12.3ms)

FlickrpixMailer#send_daily_email: processed outbound mail in 819.5ms
  Rendered flickrpix_mailer/send_daily_email.html.erb (6.5ms)

FlickrpixMailer#send_daily_email: processed outbound mail in 650.5ms
  Rendered flickrpix_mailer/send_daily_email.html.erb (25.4ms)

FlickrpixMailer#send_daily_email: processed outbound mail in 2242.5ms
  Rendered flickrpix_mailer/send_daily_email.html.erb (25.8ms)

FlickrpixMailer#send_daily_email: processed outbound mail in 2116.6ms
  Rendered flickrpix_mailer/send_daily_email.html.erb (62.2ms)

FlickrpixMailer#send_daily_email: processed outbound mail in 2295.3ms
  Rendered flickrpix_mailer/send_daily_email.html.erb (27.2ms)

FlickrpixMailer#send_daily_email: processed outbound mail in 2179.2ms
  Rendered flickrpix_mailer/send_daily_email.html.erb (27.3ms)

FlickrpixMailer#send_daily_email: processed outbound mail in 1849.0ms
  Rendered flickrpix_mailer/send_daily_email.html.erb (16.7ms)

FlickrpixMailer#send_daily_email: processed outbound mail in 1113.4ms
  Rendered flickrpix_mailer/send_daily_email.html.erb (27.2ms)

FlickrpixMailer#send_daily_email: processed outbound mail in 2833.2ms
  Rendered flickrpix_mailer/send_daily_email.html.erb (25.5ms)

FlickrpixMailer#send_daily_email: processed outbound mail in 2226.0ms
  Rendered flickrpix_mailer/send_daily_email.html.erb (25.7ms)

FlickrpixMailer#send_daily_email: processed outbound mail in 2790.8ms
  Rendered flickrpix_mailer/send_daily_email.html.erb (64.0ms)

FlickrpixMailer#send_daily_email: processed outbound mail in 2104.6ms
  Rendered flickrpix_mailer/send_daily_email.html.erb (6.3ms)

FlickrpixMailer#send_daily_email: processed outbound mail in 725.3ms
  Rendered flickrpix_mailer/send_daily_email.html.erb (9.3ms)

FlickrpixMailer#send_daily_email: processed outbound mail in 1238.1ms
  Rendered flickrpix_mailer/send_daily_email.html.erb (25.6ms)

FlickrpixMailer#send_daily_email: processed outbound mail in 4926.0ms
  Rendered flickrpix_mailer/send_daily_email.html.erb (25.6ms)

FlickrpixMailer#send_daily_email: processed outbound mail in 2508.1ms
  Rendered flickrpix_mailer/send_daily_email.html.erb (7.4ms)

FlickrpixMailer#send_daily_email: processed outbound mail in 726.3ms
  Rendered flickrpix_mailer/send_daily_email.html.erb (6.6ms)

FlickrpixMailer#send_daily_email: processed outbound mail in 605.8ms
  Rendered flickrpix_mailer/send_daily_email.html.erb (9.2ms)

FlickrpixMailer#send_daily_email: processed outbound mail in 1242.6ms
  Rendered flickrpix_mailer/send_daily_email.html.erb (31.4ms)

FlickrpixMailer#send_daily_email: processed outbound mail in 3552.1ms
  Rendered flickrpix_mailer/send_daily_email.html.erb (24.6ms)

FlickrpixMailer#send_daily_email: processed outbound mail in 2275.9ms
  Rendered flickrpix_mailer/send_daily_email.html.erb (6.1ms)

FlickrpixMailer#send_daily_email: processed outbound mail in 620.3ms
  Rendered flickrpix_mailer/send_daily_email.html.erb (61.8ms)

FlickrpixMailer#send_daily_email: processed outbound mail in 2479.2ms
  Rendered flickrpix_mailer/send_daily_email.html.erb (14.1ms)

FlickrpixMailer#send_daily_email: processed outbound mail in 1282.9ms
  Rendered flickrpix_mailer/send_daily_email.html.erb (10.5ms)

FlickrpixMailer#send_daily_email: processed outbound mail in 1064.5ms
  Rendered flickrpix_mailer/send_daily_email.html.erb (6.5ms)

FlickrpixMailer#send_daily_email: processed outbound mail in 659.0ms
  Rendered flickrpix_mailer/send_daily_email.html.erb (14.0ms)

FlickrpixMailer#send_daily_email: processed outbound mail in 1550.1ms
  Rendered flickrpix_mailer/send_daily_email.html.erb (27.7ms)

FlickrpixMailer#send_daily_email: processed outbound mail in 2595.7ms
  Rendered flickrpix_mailer/send_daily_email.html.erb (30.6ms)

FlickrpixMailer#send_daily_email: processed outbound mail in 2546.8ms
  Rendered flickrpix_mailer/send_daily_email.html.erb (10.4ms)

FlickrpixMailer#send_daily_email: processed outbound mail in 1049.4ms
  Rendered flickrpix_mailer/send_daily_email.html.erb (9.7ms)

FlickrpixMailer#send_daily_email: processed outbound mail in 1152.5ms
  Rendered flickrpix_mailer/send_daily_email.html.erb (6.4ms)

FlickrpixMailer#send_daily_email: processed outbound mail in 808.5ms
  Rendered flickrpix_mailer/send_daily_email.html.erb (27.0ms)

FlickrpixMailer#send_daily_email: processed outbound mail in 2997.5ms
  Rendered flickrpix_mailer/send_daily_email.html.erb (15.6ms)

FlickrpixMailer#send_daily_email: processed outbound mail in 1608.9ms
  Rendered flickrpix_mailer/send_daily_email.html.erb (6.5ms)

FlickrpixMailer#send_daily_email: processed outbound mail in 666.3ms
  Rendered flickrpix_mailer/send_daily_email.html.erb (26.4ms)

FlickrpixMailer#send_daily_email: processed outbound mail in 3129.4ms
  Rendered flickrpix_mailer/send_daily_email.html.erb (26.6ms)

FlickrpixMailer#send_daily_email: processed outbound mail in 2390.1ms
  Rendered flickrpix_mailer/send_daily_email.html.erb (8.0ms)

FlickrpixMailer#send_daily_email: processed outbound mail in 632.3ms
  Rendered flickrpix_mailer/send_daily_email.html.erb (9.9ms)

FlickrpixMailer#send_daily_email: processed outbound mail in 1158.7ms
  Rendered flickrpix_mailer/send_daily_email.html.erb (25.6ms)

FlickrpixMailer#send_daily_email: processed outbound mail in 2820.1ms
  Rendered flickrpix_mailer/send_daily_email.html.erb (76.7ms)

FlickrpixMailer#send_daily_email: processed outbound mail in 2522.4ms
  Rendered flickrpix_mailer/send_daily_email.html.erb (27.7ms)

FlickrpixMailer#send_daily_email: processed outbound mail in 3459.6ms
  Rendered flickrpix_mailer/send_daily_email.html.erb (26.1ms)

FlickrpixMailer#send_daily_email: processed outbound mail in 2893.3ms
  Rendered flickrpix_mailer/send_daily_email.html.erb (28.4ms)

FlickrpixMailer#send_daily_email: processed outbound mail in 3432.1ms
  Rendered flickrpix_mailer/send_daily_email.html.erb (20.6ms)

FlickrpixMailer#send_daily_email: processed outbound mail in 2092.6ms
  Rendered flickrpix_mailer/send_daily_email.html.erb (6.1ms)

FlickrpixMailer#send_daily_email: processed outbound mail in 690.6ms
  Rendered flickrpix_mailer/send_daily_email.html.erb (9.7ms)

FlickrpixMailer#send_daily_email: processed outbound mail in 1160.3ms
  Rendered flickrpix_mailer/send_daily_email.html.erb (6.6ms)

FlickrpixMailer#send_daily_email: processed outbound mail in 579.2ms
  Rendered flickrpix_mailer/send_daily_email.html.erb (26.5ms)

FlickrpixMailer#send_daily_email: processed outbound mail in 2429.1ms
  Rendered flickrpix_mailer/send_daily_email.html.erb (19.2ms)

FlickrpixMailer#send_daily_email: processed outbound mail in 1878.4ms
  Rendered flickrpix_mailer/send_daily_email.html.erb (14.0ms)

FlickrpixMailer#send_daily_email: processed outbound mail in 1738.2ms
  Rendered flickrpix_mailer/send_daily_email.html.erb (19.9ms)

FlickrpixMailer#send_daily_email: processed outbound mail in 1917.0ms
  Rendered flickrpix_mailer/send_daily_email.html.erb (26.1ms)

FlickrpixMailer#send_daily_email: processed outbound mail in 2584.0ms
  Rendered flickrpix_mailer/send_daily_email.html.erb (66.5ms)

FlickrpixMailer#send_daily_email: processed outbound mail in 2865.8ms
  Rendered flickrpix_mailer/send_daily_email.html.erb (28.5ms)

FlickrpixMailer#send_daily_email: processed outbound mail in 1496.0ms
  Rendered flickrpix_mailer/send_daily_email.html.erb (7.6ms)

FlickrpixMailer#send_daily_email: processed outbound mail in 851.5ms
  Rendered flickrpix_mailer/send_daily_email.html.erb (12.6ms)

FlickrpixMailer#send_daily_email: processed outbound mail in 813.8ms
  Rendered flickrpix_mailer/send_daily_email.html.erb (13.9ms)

FlickrpixMailer#send_daily_email: processed outbound mail in 703.4ms
  Rendered flickrpix_mailer/send_daily_email.html.erb (27.5ms)

FlickrpixMailer#send_daily_email: processed outbound mail in 2153.3ms
  Rendered flickrpix_mailer/send_daily_email.html.erb (6.2ms)

FlickrpixMailer#send_daily_email: processed outbound mail in 698.7ms
  Rendered flickrpix_mailer/send_daily_email.html.erb (42.8ms)

FlickrpixMailer#send_daily_email: processed outbound mail in 1511.8ms
  Rendered flickrpix_mailer/send_daily_email.html.erb (27.2ms)

FlickrpixMailer#send_daily_email: processed outbound mail in 2694.5ms
  Rendered flickrpix_mailer/send_daily_email.html.erb (49.7ms)

FlickrpixMailer#send_daily_email: processed outbound mail in 2950.6ms
  Rendered flickrpix_mailer/send_daily_email.html.erb (27.8ms)

FlickrpixMailer#send_daily_email: processed outbound mail in 2737.0ms
  Rendered flickrpix_mailer/send_daily_email.html.erb (50.3ms)

FlickrpixMailer#send_daily_email: processed outbound mail in 2761.4ms
  Rendered flickrpix_mailer/send_daily_email.html.erb (16.3ms)

FlickrpixMailer#send_daily_email: processed outbound mail in 1814.9ms
  Rendered flickrpix_mailer/send_daily_email.html.erb (58.4ms)

FlickrpixMailer#send_daily_email: processed outbound mail in 2507.8ms
  Rendered flickrpix_mailer/send_daily_email.html.erb (93.6ms)

FlickrpixMailer#send_daily_email: processed outbound mail in 3523.9ms
  Rendered flickrpix_mailer/send_daily_email.html.erb (25.9ms)

FlickrpixMailer#send_daily_email: processed outbound mail in 2598.4ms
  Rendered flickrpix_mailer/send_daily_email.html.erb (10.4ms)

FlickrpixMailer#send_daily_email: processed outbound mail in 1177.3ms
  Rendered flickrpix_mailer/send_daily_email.html.erb (15.4ms)

FlickrpixMailer#send_daily_email: processed outbound mail in 1712.5ms
  Rendered flickrpix_mailer/send_daily_email.html.erb (35.2ms)

FlickrpixMailer#send_daily_email: processed outbound mail in 1728.9ms
  Rendered flickrpix_mailer/send_daily_email.html.erb (15.0ms)

FlickrpixMailer#send_daily_email: processed outbound mail in 1999.3ms
  Rendered flickrpix_mailer/send_daily_email.html.erb (80.3ms)

FlickrpixMailer#send_daily_email: processed outbound mail in 2502.5ms
  Rendered flickrpix_mailer/send_daily_email.html.erb (51.5ms)

FlickrpixMailer#send_daily_email: processed outbound mail in 3020.6ms
  Rendered flickrpix_mailer/send_daily_email.html.erb (27.8ms)

FlickrpixMailer#send_daily_email: processed outbound mail in 3087.9ms
  Rendered flickrpix_mailer/send_daily_email.html.erb (31.6ms)

FlickrpixMailer#send_daily_email: processed outbound mail in 3063.5ms
  Rendered flickrpix_mailer/send_daily_email.html.erb (75.9ms)

FlickrpixMailer#send_daily_email: processed outbound mail in 3719.2ms
  Rendered flickrpix_mailer/send_daily_email.html.erb (30.0ms)

FlickrpixMailer#send_daily_email: processed outbound mail in 4100.2ms
  Rendered flickrpix_mailer/send_daily_email.html.erb (28.7ms)

FlickrpixMailer#send_daily_email: processed outbound mail in 3636.1ms
  Rendered flickrpix_mailer/send_daily_email.html.erb (20.7ms)

FlickrpixMailer#send_daily_email: processed outbound mail in 2780.8ms
  Rendered flickrpix_mailer/send_daily_email.html.erb (16.6ms)

FlickrpixMailer#send_daily_email: processed outbound mail in 2365.4ms
  Rendered flickrpix_mailer/send_daily_email.html.erb (26.8ms)

FlickrpixMailer#send_daily_email: processed outbound mail in 3757.6ms
  Rendered flickrpix_mailer/send_daily_email.html.erb (33.0ms)

FlickrpixMailer#send_daily_email: processed outbound mail in 2084.3ms
  Rendered flickrpix_mailer/send_daily_email.html.erb (19.4ms)

FlickrpixMailer#send_daily_email: processed outbound mail in 2374.2ms
  Rendered flickrpix_mailer/send_daily_email.html.erb (26.9ms)

FlickrpixMailer#send_daily_email: processed outbound mail in 3348.9ms
  Rendered flickrpix_mailer/send_daily_email.html.erb (16.0ms)

FlickrpixMailer#send_daily_email: processed outbound mail in 1442.9ms
  Rendered flickrpix_mailer/send_daily_email.html.erb (67.3ms)

FlickrpixMailer#send_daily_email: processed outbound mail in 3306.2ms
  Rendered flickrpix_mailer/send_daily_email.html.erb (29.7ms)

FlickrpixMailer#send_daily_email: processed outbound mail in 2790.0ms
  Rendered flickrpix_mailer/send_daily_email.html.erb (10.1ms)

FlickrpixMailer#send_daily_email: processed outbound mail in 1252.3ms
  Rendered flickrpix_mailer/send_daily_email.html.erb (26.2ms)

FlickrpixMailer#send_daily_email: processed outbound mail in 2579.0ms
  Rendered flickrpix_mailer/send_daily_email.html.erb (153.8ms)

FlickrpixMailer#send_daily_email: processed outbound mail in 3278.5ms
  Rendered flickrpix_mailer/send_daily_email.html.erb (9.7ms)

FlickrpixMailer#send_daily_email: processed outbound mail in 970.0ms
  Rendered flickrpix_mailer/send_daily_email.html.erb (61.4ms)

FlickrpixMailer#send_daily_email: processed outbound mail in 3543.3ms
  Rendered flickrpix_mailer/send_daily_email.html.erb (15.9ms)

FlickrpixMailer#send_daily_email: processed outbound mail in 1183.0ms
  Rendered flickrpix_mailer/send_daily_email.html.erb (11.2ms)

FlickrpixMailer#send_daily_email: processed outbound mail in 1284.5ms
  Rendered flickrpix_mailer/send_daily_email.html.erb (75.9ms)

FlickrpixMailer#send_daily_email: processed outbound mail in 2952.7ms
  Rendered flickrpix_mailer/send_daily_email.html.erb (67.6ms)

FlickrpixMailer#send_daily_email: processed outbound mail in 3294.9ms
  Rendered flickrpix_mailer/send_daily_email.html.erb (15.9ms)

FlickrpixMailer#send_daily_email: processed outbound mail in 2254.3ms
  Rendered flickrpix_mailer/send_daily_email.html.erb (7.4ms)

FlickrpixMailer#send_daily_email: processed outbound mail in 905.3ms
  Rendered flickrpix_mailer/send_daily_email.html.erb (43.0ms)

FlickrpixMailer#send_daily_email: processed outbound mail in 2414.3ms
  Rendered flickrpix_mailer/send_daily_email.html.erb (6.4ms)

FlickrpixMailer#send_daily_email: processed outbound mail in 765.8ms
  Rendered flickrpix_mailer/send_daily_email.html.erb (11.2ms)

FlickrpixMailer#send_daily_email: processed outbound mail in 1108.2ms
  Rendered flickrpix_mailer/send_daily_email.html.erb (12.6ms)

FlickrpixMailer#send_daily_email: processed outbound mail in 1330.4ms
  Rendered flickrpix_mailer/send_daily_email.html.erb (27.6ms)

FlickrpixMailer#send_daily_email: processed outbound mail in 3125.3ms
  Rendered flickrpix_mailer/send_daily_email.html.erb (7.7ms)

FlickrpixMailer#send_daily_email: processed outbound mail in 776.0ms
  Rendered flickrpix_mailer/send_daily_email.html.erb (7.6ms)

FlickrpixMailer#send_daily_email: processed outbound mail in 660.9ms
  Rendered flickrpix_mailer/send_daily_email.html.erb (89.0ms)

FlickrpixMailer#send_daily_email: processed outbound mail in 3559.1ms
  Rendered flickrpix_mailer/send_daily_email.html.erb (171.0ms)

FlickrpixMailer#send_daily_email: processed outbound mail in 2703.7ms
  Rendered flickrpix_mailer/send_daily_email.html.erb (10.6ms)

FlickrpixMailer#send_daily_email: processed outbound mail in 1235.2ms
  Rendered flickrpix_mailer/send_daily_email.html.erb (52.4ms)

FlickrpixMailer#send_daily_email: processed outbound mail in 3423.9ms
  Rendered flickrpix_mailer/send_daily_email.html.erb (26.1ms)

FlickrpixMailer#send_daily_email: processed outbound mail in 2806.5ms
  Rendered flickrpix_mailer/send_daily_email.html.erb (31.6ms)

FlickrpixMailer#send_daily_email: processed outbound mail in 3210.1ms
  Rendered flickrpix_mailer/send_daily_email.html.erb (64.4ms)

FlickrpixMailer#send_daily_email: processed outbound mail in 3281.3ms
  Rendered flickrpix_mailer/send_daily_email.html.erb (55.4ms)

FlickrpixMailer#send_daily_email: processed outbound mail in 2607.0ms
  Rendered flickrpix_mailer/send_daily_email.html.erb (18.2ms)

FlickrpixMailer#send_daily_email: processed outbound mail in 1927.9ms
  Rendered flickrpix_mailer/send_daily_email.html.erb (10.5ms)

FlickrpixMailer#send_daily_email: processed outbound mail in 1572.0ms
  Rendered flickrpix_mailer/send_daily_email.html.erb (14.5ms)

FlickrpixMailer#send_daily_email: processed outbound mail in 2164.4ms
